This is pdfTeX, Version 3.141592-1.40.4 (MiKTeX 2.7) (preloaded format=pdflatex 2008.1.17)  5 FEB 2009 15:34
entering extended mode
**C:/Program*Files/R/Packages/RankAggreg/inst/doc/RankAggreg.tex
("C:/Program Files/R/Packages/RankAggreg/inst/doc/RankAggreg.tex"
LaTeX2e <2005/12/01>
Babel <v3.8h> and hyphenation patterns for english, dumylang, nohyphenation, ge
rman, ngerman, french, loaded.
("C:\Program Files\MiKTeX 2.7\tex\latex\base\article.cls"
Document Class: article 2005/09/16 v1.4f Standard LaTeX document class
("C:\Program Files\MiKTeX 2.7\tex\latex\base\size11.clo"
File: size11.clo 2005/09/16 v1.4f Standard LaTeX file (size option)
)
\c@part=\count79
\c@section=\count80
\c@subsection=\count81
\c@subsubsection=\count82
\c@paragraph=\count83
\c@subparagraph=\count84
\c@figure=\count85
\c@table=\count86
\abovecaptionskip=\skip41
\belowcaptionskip=\skip42
\bibindent=\dimen102
) ("C:\Program Files\MiKTeX 2.7\tex\latex\amsmath\amsmath.sty"
Package: amsmath 2000/07/18 v2.13 AMS math features
\@mathmargin=\skip43
For additional information on amsmath, use the `?' option.
("C:\Program Files\MiKTeX 2.7\tex\latex\amsmath\amstext.sty"
Package: amstext 2000/06/29 v2.01
("C:\Program Files\MiKTeX 2.7\tex\latex\amsmath\amsgen.sty"
File: amsgen.sty 1999/11/30 v2.0
\@emptytoks=\toks14
\ex@=\dimen103
)) ("C:\Program Files\MiKTeX 2.7\tex\latex\amsmath\amsbsy.sty"
Package: amsbsy 1999/11/29 v1.2d
\pmbraise@=\dimen104
) ("C:\Program Files\MiKTeX 2.7\tex\latex\amsmath\amsopn.sty"
Package: amsopn 1999/12/14 v2.01 operator names
)
\inf@bad=\count87
LaTeX Info: Redefining \frac on input line 211.
\uproot@=\count88
\leftroot@=\count89
LaTeX Info: Redefining \overline on input line 307.
\classnum@=\count90
\DOTSCASE@=\count91
LaTeX Info: Redefining \ldots on input line 379.
LaTeX Info: Redefining \dots on input line 382.
LaTeX Info: Redefining \cdots on input line 467.
\Mathstrutbox@=\box26
\strutbox@=\box27
\big@size=\dimen105
LaTeX Font Info:    Redeclaring font encoding OML on input line 567.
LaTeX Font Info:    Redeclaring font encoding OMS on input line 568.
\macc@depth=\count92
\c@MaxMatrixCols=\count93
\dotsspace@=\muskip10
\c@parentequation=\count94
\dspbrk@lvl=\count95
\tag@help=\toks15
\row@=\count96
\column@=\count97
\maxfields@=\count98
\andhelp@=\toks16
\eqnshift@=\dimen106
\alignsep@=\dimen107
\tagshift@=\dimen108
\tagwidth@=\dimen109
\totwidth@=\dimen110
\lineht@=\dimen111
\@envbody=\toks17
\multlinegap=\skip44
\multlinetaggap=\skip45
\mathdisplay@stack=\toks18
LaTeX Info: Redefining \[ on input line 2666.
LaTeX Info: Redefining \] on input line 2667.
) ("C:\Program Files\MiKTeX 2.7\tex\latex\amsfonts\amssymb.sty"
Package: amssymb 2002/01/22 v2.2d
("C:\Program Files\MiKTeX 2.7\tex\latex\amsfonts\amsfonts.sty"
Package: amsfonts 2001/10/25 v2.2f
\symAMSa=\mathgroup4
\symAMSb=\mathgroup5
LaTeX Font Info:    Overwriting math alphabet `\mathfrak' in version `bold'
(Font)                  U/euf/m/n --> U/euf/b/n on input line 132.
)) ("C:\Program Files\MiKTeX 2.7\tex\latex\graphics\graphics.sty"
Package: graphics 2006/02/20 v1.0o Standard LaTeX Graphics (DPC,SPQR)
("C:\Program Files\MiKTeX 2.7\tex\latex\graphics\trig.sty"
Package: trig 1999/03/16 v1.09 sin cos tan (DPC)
) ("C:\Program Files\MiKTeX 2.7\tex\latex\00miktex\graphics.cfg"
File: graphics.cfg 2007/01/18 v1.5 graphics configuration of teTeX/TeXLive
)
Package graphics Info: Driver file: pdftex.def on input line 90.
("C:\Program Files\MiKTeX 2.7\tex\latex\graphics\pdftex.def"
File: pdftex.def 2007/06/12 v0.04h Graphics/color for pdfTeX
\Gread@gobject=\count99
)) ("C:\Program Files\MiKTeX 2.7\tex\latex\graphics\color.sty"
Package: color 2005/11/14 v1.0j Standard LaTeX Color (DPC)
("C:\Program Files\MiKTeX 2.7\tex\latex\00miktex\color.cfg"
File: color.cfg 2007/01/18 v1.5 color configuration of teTeX/TeXLive
)
Package color Info: Driver file: pdftex.def on input line 130.
) ("C:\Program Files\MiKTeX 2.7\tex\latex\hyperref\hyperref.sty"
Package: hyperref 2007/11/17 v6.77f Hypertext links for LaTeX
("C:\Program Files\MiKTeX 2.7\tex\latex\graphics\keyval.sty"
Package: keyval 1999/03/16 v1.13 key=value parser (DPC)
\KV@toks@=\toks19
) ("C:\Program Files\MiKTeX 2.7\tex\latex\oberdiek\hycolor.sty"
Package: hycolor 2007/04/11 v1.1 Code for color options of hyperref/bookmark (H
O)
)
\@linkdim=\dimen112
\Hy@linkcounter=\count100
\Hy@pagecounter=\count101
("C:\Program Files\MiKTeX 2.7\tex\latex\hyperref\pd1enc.def"
File: pd1enc.def 2007/11/17 v6.77f Hyperref: PDFDocEncoding definition (HO)
) ("C:\Program Files\MiKTeX 2.7\tex\generic\oberdiek\etexcmds.sty"
Package: etexcmds 2007/09/09 v1.1 Prefix for e-TeX command names (HO)
("C:\Program Files\MiKTeX 2.7\tex\generic\oberdiek\infwarerr.sty"
Package: infwarerr 2007/09/09 v1.2 Providing info/warning/message (HO)
)) ("C:\Program Files\MiKTeX 2.7\tex\latex\00miktex\hyperref.cfg"
File: hyperref.cfg 2002/06/06 v1.2 hyperref configuration of TeXLive
) ("C:\Program Files\MiKTeX 2.7\tex\latex\oberdiek\kvoptions.sty"
Package: kvoptions 2007/10/18 v3.0 Keyval support for LaTeX options (HO)
)
Package hyperref Info: Hyper figures OFF on input line 2699.
Package hyperref Info: Link nesting OFF on input line 2704.
Package hyperref Info: Hyper index ON on input line 2707.
Package hyperref Info: Plain pages OFF on input line 2714.
Package hyperref Info: Backreferencing OFF on input line 2719.
Implicit mode ON; LaTeX internals redefined
Package hyperref Info: Bookmarks ON on input line 2875.
("C:\Program Files\MiKTeX 2.7\tex\latex\ltxmisc\url.sty"
\Urlmuskip=\muskip11
Package: url 2006/04/12  ver 3.3  Verb mode for urls, etc.
)
LaTeX Info: Redefining \url on input line 3045.
("C:\Program Files\MiKTeX 2.7\tex\generic\oberdiek\bitset.sty"
Package: bitset 2007/09/28 v1.0 Data type bit set (HO)
("C:\Program Files\MiKTeX 2.7\tex\generic\oberdiek\intcalc.sty"
Package: intcalc 2007/09/27 v1.1 Expandable integer calculations (HO)
) ("C:\Program Files\MiKTeX 2.7\tex\generic\oberdiek\bigintcalc.sty"
Package: bigintcalc 2007/11/11 v1.1 Expandable big integer calculations (HO)
("C:\Program Files\MiKTeX 2.7\tex\generic\oberdiek\pdftexcmds.sty"
Package: pdftexcmds 2007/11/12 v0.2 LuaTeX support for pdfTeX utility functions
 (HO)
Package pdftexcmds Info: LuaTeX not detected on input line 136.
))) ("C:\Program Files\MiKTeX 2.7\tex\generic\oberdiek\kvsetkeys.sty"
Package: kvsetkeys 2007/09/29 v1.3 Key value parser with default handler suppor
t (HO)
)
\Fld@menulength=\count102
\Field@Width=\dimen113
\Fld@charsize=\dimen114
\Field@toks=\toks20
Package hyperref Info: Hyper figures OFF on input line 3926.
Package hyperref Info: Link nesting OFF on input line 3931.
Package hyperref Info: Hyper index ON on input line 3934.
Package hyperref Info: backreferencing OFF on input line 3941.
Package hyperref Info: Link coloring OFF on input line 3946.
("C:\Program Files\MiKTeX 2.7\tex\generic\oberdiek\atbegshi.sty"
Package: atbegshi 2007/09/09 v1.6 At begin shipout hook (HO)
("C:\Program Files\MiKTeX 2.7\tex\generic\oberdiek\ifpdf.sty"
Package: ifpdf 2007/09/09 v1.5 Provides the ifpdf switch (HO)
Package ifpdf Info: pdfTeX in pdf mode detected.
))
\Hy@abspage=\count103
\c@Item=\count104
\c@Hfootnote=\count105
)
*hyperref using default driver hpdftex*
("C:\Program Files\MiKTeX 2.7\tex\latex\hyperref\hpdftex.def"
File: hpdftex.def 2007/11/17 v6.77f Hyperref driver for pdfTeX
\Fld@listcount=\count106
) ("C:\Program Files\MiKTeX 2.7\tex\latex\ltxmisc\relsize.sty"
Package: relsize 2003/07/04 ver 3.1
) ("C:\Program Files\MiKTeX 2.7\tex\latex\amsfonts\euscript.sty"
Package: euscript 2001/10/01 v2.2d Euler Script fonts
LaTeX Font Info:    Overwriting math alphabet `\EuScript' in version `bold'
(Font)                  U/eus/m/n --> U/eus/b/n on input line 55.
) ("C:\Program Files\MiKTeX 2.7\tex\latex\natbib\natbib.sty"
Package: natbib 2007/10/30 8.1 (PWD)
\bibhang=\skip46
\bibsep=\skip47
LaTeX Info: Redefining \cite on input line 602.
\c@NAT@ctr=\count107
) (Sweave.sty
Package: Sweave 
("C:\Program Files\MiKTeX 2.7\tex\latex\base\ifthen.sty"
Package: ifthen 2001/05/26 v1.1c Standard LaTeX ifthen package (DPC)
) ("C:\Program Files\MiKTeX 2.7\tex\latex\graphics\graphicx.sty"
Package: graphicx 1999/02/16 v1.0f Enhanced LaTeX Graphics (DPC,SPQR)
\Gin@req@height=\dimen115
\Gin@req@width=\dimen116
) (fancyvrb.sty
Package: fancyvrb 1996/10/05
Style option: `fancyvrb' v2.0-beta, with DG/SPQR fixes <1996/10/05> (tvz)
\FV@CodeLineNo=\count108
\FV@InFile=\read1
\FV@TabBox=\box28
\c@FancyVerbLine=\count109
\FV@OutFile=\write3
No file fancyvrb.rc.
) ("C:\Program Files\MiKTeX 2.7\tex\latex\upquote\upquote.sty"
Package: upquote 2003/08/11 v1.1 Covington's upright-quote modification to verb
atim and verb
("C:\Program Files\MiKTeX 2.7\tex\latex\base\textcomp.sty"
Package: textcomp 2005/09/27 v1.99g Standard LaTeX package
Package textcomp Info: Sub-encoding information:
(textcomp)               5 = only ISO-Adobe without \textcurrency
(textcomp)               4 = 5 + \texteuro
(textcomp)               3 = 4 + \textohm
(textcomp)               2 = 3 + \textestimated + \textcurrency
(textcomp)               1 = TS1 - \textcircled - \t
(textcomp)               0 = TS1 (full)
(textcomp)             Font families with sub-encoding setting implement
(textcomp)             only a restricted character set as indicated.
(textcomp)             Family '?' is the default used for unknown fonts.
(textcomp)             See the documentation for details.
Package textcomp Info: Setting ? sub-encoding to TS1/1 on input line 71.
("C:\Program Files\MiKTeX 2.7\tex\latex\base\ts1enc.def"
File: ts1enc.def 2001/06/05 v3.0e (jk/car/fm) Standard LaTeX file
)
LaTeX Info: Redefining \oldstylenums on input line 266.
Package textcomp Info: Setting cmr sub-encoding to TS1/0 on input line 281.
Package textcomp Info: Setting cmss sub-encoding to TS1/0 on input line 282.
Package textcomp Info: Setting cmtt sub-encoding to TS1/0 on input line 283.
Package textcomp Info: Setting cmvtt sub-encoding to TS1/0 on input line 284.
Package textcomp Info: Setting cmbr sub-encoding to TS1/0 on input line 285.
Package textcomp Info: Setting cmtl sub-encoding to TS1/0 on input line 286.
Package textcomp Info: Setting ccr sub-encoding to TS1/0 on input line 287.
Package textcomp Info: Setting ptm sub-encoding to TS1/4 on input line 288.
Package textcomp Info: Setting pcr sub-encoding to TS1/4 on input line 289.
Package textcomp Info: Setting phv sub-encoding to TS1/4 on input line 290.
Package textcomp Info: Setting ppl sub-encoding to TS1/3 on input line 291.
Package textcomp Info: Setting pag sub-encoding to TS1/4 on input line 292.
Package textcomp Info: Setting pbk sub-encoding to TS1/4 on input line 293.
Package textcomp Info: Setting pnc sub-encoding to TS1/4 on input line 294.
Package textcomp Info: Setting pzc sub-encoding to TS1/4 on input line 295.
Package textcomp Info: Setting bch sub-encoding to TS1/4 on input line 296.
Package textcomp Info: Setting put sub-encoding to TS1/5 on input line 297.
Package textcomp Info: Setting uag sub-encoding to TS1/5 on input line 298.
Package textcomp Info: Setting ugq sub-encoding to TS1/5 on input line 299.
Package textcomp Info: Setting ul8 sub-encoding to TS1/4 on input line 300.
Package textcomp Info: Setting ul9 sub-encoding to TS1/4 on input line 301.
Package textcomp Info: Setting augie sub-encoding to TS1/5 on input line 302.
Package textcomp Info: Setting dayrom sub-encoding to TS1/3 on input line 303.
Package textcomp Info: Setting dayroms sub-encoding to TS1/3 on input line 304.

Package textcomp Info: Setting pxr sub-encoding to TS1/0 on input line 305.
Package textcomp Info: Setting pxss sub-encoding to TS1/0 on input line 306.
Package textcomp Info: Setting pxtt sub-encoding to TS1/0 on input line 307.
Package textcomp Info: Setting txr sub-encoding to TS1/0 on input line 308.
Package textcomp Info: Setting txss sub-encoding to TS1/0 on input line 309.
Package textcomp Info: Setting txtt sub-encoding to TS1/0 on input line 310.
Package textcomp Info: Setting futs sub-encoding to TS1/4 on input line 311.
Package textcomp Info: Setting futx sub-encoding to TS1/4 on input line 312.
Package textcomp Info: Setting futj sub-encoding to TS1/4 on input line 313.
Package textcomp Info: Setting hlh sub-encoding to TS1/3 on input line 314.
Package textcomp Info: Setting hls sub-encoding to TS1/3 on input line 315.
Package textcomp Info: Setting hlst sub-encoding to TS1/3 on input line 316.
Package textcomp Info: Setting hlct sub-encoding to TS1/5 on input line 317.
Package textcomp Info: Setting hlx sub-encoding to TS1/5 on input line 318.
Package textcomp Info: Setting hlce sub-encoding to TS1/5 on input line 319.
Package textcomp Info: Setting hlcn sub-encoding to TS1/5 on input line 320.
Package textcomp Info: Setting hlcw sub-encoding to TS1/5 on input line 321.
Package textcomp Info: Setting hlcf sub-encoding to TS1/5 on input line 322.
Package textcomp Info: Setting pplx sub-encoding to TS1/3 on input line 323.
Package textcomp Info: Setting pplj sub-encoding to TS1/3 on input line 324.
Package textcomp Info: Setting ptmx sub-encoding to TS1/4 on input line 325.
Package textcomp Info: Setting ptmj sub-encoding to TS1/4 on input line 326.
)) ("C:\Program Files\MiKTeX 2.7\tex\latex\base\fontenc.sty"
Package: fontenc 2005/09/27 v1.99g Standard LaTeX package
("C:\Program Files\MiKTeX 2.7\tex\latex\base\t1enc.def"
File: t1enc.def 2005/09/27 v1.99g Standard LaTeX file
LaTeX Font Info:    Redeclaring font encoding T1 on input line 43.
)) ("C:\Program Files\MiKTeX 2.7\tex\latex\ae\ae.sty"
Package: ae 2001/02/12 1.3 Almost European Computer Modern
("C:\Program Files\MiKTeX 2.7\tex\latex\base\fontenc.sty"
Package: fontenc 2005/09/27 v1.99g Standard LaTeX package
("C:\Program Files\MiKTeX 2.7\tex\latex\base\t1enc.def"
File: t1enc.def 2005/09/27 v1.99g Standard LaTeX file
LaTeX Font Info:    Redeclaring font encoding T1 on input line 43.
)
LaTeX Font Info:    Try loading font information for T1+aer on input line 100.
("C:\Program Files\MiKTeX 2.7\tex\latex\ae\t1aer.fd"
File: t1aer.fd 1997/11/16 Font definitions for T1/aer.
)))) (RankAggreg.aux)
LaTeX Font Info:    Checking defaults for OML/cmm/m/it on input line 32.
LaTeX Font Info:    ... okay on input line 32.
LaTeX Font Info:    Checking defaults for T1/cmr/m/n on input line 32.
LaTeX Font Info:    ... okay on input line 32.
LaTeX Font Info:    Checking defaults for OT1/cmr/m/n on input line 32.
LaTeX Font Info:    ... okay on input line 32.
LaTeX Font Info:    Checking defaults for OMS/cmsy/m/n on input line 32.
LaTeX Font Info:    ... okay on input line 32.
LaTeX Font Info:    Checking defaults for OMX/cmex/m/n on input line 32.
LaTeX Font Info:    ... okay on input line 32.
LaTeX Font Info:    Checking defaults for U/cmr/m/n on input line 32.
LaTeX Font Info:    ... okay on input line 32.
LaTeX Font Info:    Checking defaults for PD1/pdf/m/n on input line 32.
LaTeX Font Info:    ... okay on input line 32.
LaTeX Font Info:    Checking defaults for TS1/cmr/m/n on input line 32.
LaTeX Font Info:    Try loading font information for TS1+cmr on input line 32.
("C:\Program Files\MiKTeX 2.7\tex\latex\base\ts1cmr.fd"
File: ts1cmr.fd 1999/05/25 v2.5h Standard LaTeX font definitions
)
LaTeX Font Info:    ... okay on input line 32.
("C:\Program Files\MiKTeX 2.7\tex\context\base\supp-pdf.tex"
[Loading MPS to PDF converter (version 2006.09.02).]
\scratchcounter=\count110
\scratchdimen=\dimen117
\scratchbox=\box29
\nofMPsegments=\count111
\nofMParguments=\count112
\MPscratchCnt=\count113
\MPscratchDim=\dimen118
\MPnumerator=\count114
\everyMPtoPDFconversion=\toks21
)
Package hyperref Info: Link coloring OFF on input line 32.
("C:\Program Files\MiKTeX 2.7\tex\latex\hyperref\nameref.sty"
Package: nameref 2007/05/29 v2.31 Cross-referencing by name of section
("C:\Program Files\MiKTeX 2.7\tex\latex\oberdiek\refcount.sty"
Package: refcount 2006/02/20 v3.0 Data extraction from references (HO)
)
\c@section@level=\count115
)
LaTeX Info: Redefining \ref on input line 32.
LaTeX Info: Redefining \pageref on input line 32.
(RankAggreg.out) (RankAggreg.out)
\@outlinefile=\write4
\AtBeginShipoutBox=\box30
LaTeX Font Info:    Try loading font information for U+msa on input line 44.
("C:\Program Files\MiKTeX 2.7\tex\latex\amsfonts\umsa.fd"
File: umsa.fd 2002/01/19 v2.2g AMS font definitions
)
LaTeX Font Info:    Try loading font information for U+msb on input line 44.
("C:\Program Files\MiKTeX 2.7\tex\latex\amsfonts\umsb.fd"
File: umsb.fd 2002/01/19 v2.2g AMS font definitions
)
LaTeX Font Info:    Try loading font information for T1+aett on input line 44.
("C:\Program Files\MiKTeX 2.7\tex\latex\ae\t1aett.fd"
File: t1aett.fd 1997/11/16 Font definitions for T1/aett.
)
Overfull \hbox (20.32428pt too wide) in paragraph at lines 44--44
 [][] 
 []

(RankAggreg.toc)
\tf@toc=\write5
[1

{C:/Documents and Settings/Administrator/Local Settings/Application Data/MiKTeX
/2.7/pdftex/config/pdftex.map}]
Overfull \hbox (2.42572pt too wide) in paragraph at lines 109--117
[]\T1/aer/m/n/10.95 Conceptually, rank ag-gre-ga-tion tech-niques range from qu
ite sim-ple (based
 []

[2] [3] [4]
Overfull \hbox (2.02443pt too wide) detected at line 195
\OML/cmm/m/it/10.95 K[] \OT1/cmr/m/n/10.95 = []
 []


Overfull \hbox (0.78365pt too wide) in paragraph at lines 209--210
[]\T1/aer/m/n/10.95 Somewhat anal-o-gously to the Weighted Spear-man dis-tance,
 the Weighted
 []

[5]
LaTeX Font Info:    Try loading font information for U+eus on input line 256.
("C:\Program Files\MiKTeX 2.7\tex\latex\amsfonts\ueus.fd"
File: ueus.fd 2002/01/19 v2.2g AMS font definitions
) [6] [7] [8] [9pdfTeX warning (ext4): destination with the same identifier (na
me{FancyVerbLine.1}) has been already used, duplicate ignored

\AtBegShi@Output ...ipout \box \AtBeginShipoutBox 
                                                  \fi \fi 
l.377 
      ]pdfTeX warning (ext4): destination with the same identifier (name{FancyV
erbLine.1}) has been already used, duplicate ignored
<to be read again> 
                   \relax 
l.388 > library(clValid)
                        pdfTeX warning (ext4): destination with the same identi
fier (name{FancyVerbLine.2}) has been already used, duplicate ignored
<to be read again> 
                   \relax 
l.389 > data(mouse)
                   pdfTeX warning (ext4): destination with the same identifier 
(name{FancyVerbLine.1}) has been already used, duplicate ignored
<to be read again> 
                   \relax 
l.412              1  2  3  4  5  6  7  8  9  10
                                                pdfTeX warning (ext4): destinat
ion with the same identifier (name{FancyVerbLine.2}) has been already used, dup
licate ignored
<to be read again> 
                   \relax 
l.413 APN          SM FN ST KM PM HR AG CL DI MO
                                                 [10pdfTeX warning (ext4): dest
ination with the same identifier (name{FancyVerbLine.3}) has been already used,
 duplicate ignored

\AtBegShi@Output ...ipout \box \AtBeginShipoutBox 
                                                  \fi \fi 
l.416 FOM          SM CL KM PM FN ST DI HR AG MO
                                                pdfTeX warning (ext4): destinat
ion with the same identifier (name{FancyVerbLine.4}) has been already used, dup
licate ignored

\AtBegShi@Output ...ipout \box \AtBeginShipoutBox 
                                                  \fi \fi 
l.416 FOM          SM CL KM PM FN ST DI HR AG MO
                                                ]pdfTeX warning (ext4): destina
tion with the same identifier (name{FancyVerbLine.6}) has been already used, du
plicate ignored
<to be read again> 
                   \relax 
l.417 Connectivity HR AG DI KM MO SM FN CL PM ST
                                                pdfTeX warning (ext4): destinat
ion with the same identifier (name{FancyVerbLine.7}) has been already used, dup
licate ignored
<to be read again> 
                   \relax 
l.418 Dunn         HR AG KM PM DI SM CL MO FN ST
                                                pdfTeX warning (ext4): destinat
ion with the same identifier (name{FancyVerbLine.8}) has been already used, dup
licate ignored
<to be read again> 
                   \relax 
l.419 Silhouette   HR AG KM SM CL PM ST DI FN MO
                                                pdfTeX warning (ext4): destinat
ion with the same identifier (name{FancyVerbLine.1}) has been already used, dup
licate ignored
<to be read again> 
                   \relax 
l.425 ...     1      2      3      4      5      6
                                                  pdfTeX warning (ext4): destin
ation with the same identifier (name{FancyVerbLine.2}) has been already used, d
uplicate ignored
<to be read again> 
                   \relax 
l.426 ... 0.106  0.122  0.148  0.152  0.170  0.171
                                                  pdfTeX warning (ext4): destin
ation with the same identifier (name{FancyVerbLine.3}) has been already used, d
uplicate ignored
<to be read again> 
                   \relax 
l.427 ... 1.633  1.671  1.701  1.707  1.708  1.739
                                                  pdfTeX warning (ext4): destin
ation with the same identifier (name{FancyVerbLine.4}) has been already used, d
uplicate ignored
<to be read again> 
                   \relax 
l.428 ... 0.284  0.306  0.368  0.467  0.481  0.481
                                                  pdfTeX warning (ext4): destin
ation with the same identifier (name{FancyVerbLine.5}) has been already used, d
uplicate ignored
<to be read again> 
                   \relax 
l.429 ... 0.567  0.576  0.584  0.593  0.594  0.595
                                                  pdfTeX warning (ext4): destin
ation with the same identifier (name{FancyVerbLine.6}) has been already used, d
uplicate ignored
<to be read again> 
                   \relax 
l.430 ...23.911 23.911 35.436 36.092 37.488 38.396
                                                  pdfTeX warning (ext4): destin
ation with the same identifier (name{FancyVerbLine.7}) has been already used, d
uplicate ignored
<to be read again> 
                   \relax 
l.431 ... 0.171  0.171  0.119  0.112  0.111  0.110
                                                  pdfTeX warning (ext4): destin
ation with the same identifier (name{FancyVerbLine.8}) has been already used, d
uplicate ignored
<to be read again> 
                   \relax 
l.432 ... 0.389  0.389  0.379  0.360  0.354  0.346
                                                  pdfTeX warning (ext4): destin
ation with the same identifier (name{FancyVerbLine.9}) has been already used, d
uplicate ignored
<to be read again> 
                   \relax 
l.433                   7      8      9     10
                                              pdfTeX warning (ext4): destinatio
n with the same identifier (name{FancyVerbLine.10}) has been already used, dupl
icate ignored
<to be read again> 
                   \relax 
l.434 APN           0.171  0.183  0.183  0.264
                                              pdfTeX warning (ext4): destinatio
n with the same identifier (name{FancyVerbLine.1}) has been already used, dupli
cate ignored
<to be read again> 
                   \relax 
l.458 ...g(res$ranks, 10, res$weights, "Spearman")
                                                   [11pdfTeX warning (ext4): de
stination with the same identifier (name{FancyVerbLine.5}) has been already use
d, duplicate ignored

\AtBegShi@Output ...ipout \box \AtBeginShipoutBox 
                                                  \fi \fi 
l.465 
      ]pdfTeX warning (ext4): destination with the same identifier (name{FancyV
erbLine.1}) has been already used, duplicate ignored
<to be read again> 
                   \relax 
l.469 ...<- RankAggreg(res$ranks, 10, res$weights,
                                                  pdfTeX warning (ext4): destin
ation with the same identifier (name{FancyVerbLine.2}) has been already used, d
uplicate ignored
<to be read again> 
                   \relax 
l.470 +     seed = 123))
                        pdfTeX warning (ext4): destination with the same identi
fier (name{FancyVerbLine.1}) has been already used, duplicate ignored
<to be read again> 
                   \relax 
l.476 The optimal list is:
                          pdfTeX warning (ext4): destination with the same iden
tifier (name{FancyVerbLine.2}) has been already used, duplicate ignored
<to be read again> 
                   \relax 
l.477         SM HR KM FN AG PM CL DI ST MO
                                           pdfTeX warning (ext4): destination w
ith the same identifier (name{FancyVerbLine.3}) has been already used, duplicat
e ignored
<to be read again> 
                   \relax 
l.478 
      pdfTeX warning (ext4): destination with the same identifier (name{FancyVe
rbLine.4}) has been already used, duplicate ignored
<to be read again> 
                   \relax 
l.479   Algorithm:   CE
                       pdfTeX warning (ext4): destination with the same identif
ier (name{FancyVerbLine.5}) has been already used, duplicate ignored
<to be read again> 
                   \relax 
l.480   Distance:    Spearman
                             pdfTeX warning (ext4): destination with the same i
dentifier (name{FancyVerbLine.6}) has been already used, duplicate ignored
<to be read again> 
                   \relax 
l.481   Score:       5.552256
                             pdfTeX warning (ext4): destination with the same i
dentifier (name{FancyVerbLine.1}) has been already used, duplicate ignored
<to be read again> 
                   \relax 
l.496 > plot(CEWS)
                   <RankAggreg-fig1.pdf, id=173, 433.62pt x 433.62pt>
File: RankAggreg-fig1.pdf Graphic file (type pdf)
<use RankAggreg-fig1.pdf>pdfTeX warning (ext4): destination with the same ident
ifier (name{FancyVerbLine.1}) has been already used, duplicate ignored
<to be read again> 
                   \relax 
l.515 ...<- RankAggreg(res$ranks, 10, res$weights,
                                                  pdfTeX warning (ext4): destin
ation with the same identifier (name{FancyVerbLine.2}) has been already used, d
uplicate ignored
<to be read again> 
                   \relax 
l.516 ... "Kendall", seed = 123, verbose = FALSE))
                                                  pdfTeX warning (ext4): destin
ation with the same identifier (name{FancyVerbLine.1}) has been already used, d
uplicate ignored
<to be read again> 
                   \relax 
l.522 The optimal list is:
                          pdfTeX warning (ext4): destination with the same iden
tifier (name{FancyVerbLine.2}) has been already used, duplicate ignored
<to be read again> 
                   \relax 
l.523         KM SM PM FN HR AG CL DI ST MO
                                           pdfTeX warning (ext4): destination w
ith the same identifier (name{FancyVerbLine.3}) has been already used, duplicat
e ignored
<to be read again> 
                   \relax 
l.524 
      pdfTeX warning (ext4): destination with the same identifier (name{FancyVe
rbLine.4}) has been already used, duplicate ignored
<to be read again> 
                   \relax 
l.525   Algorithm:   CE
                       pdfTeX warning (ext4): destination with the same identif
ier (name{FancyVerbLine.5}) has been already used, duplicate ignored
<to be read again> 
                   \relax 
l.526   Distance:    Kendall
                            pdfTeX warning (ext4): destination with the same id
entifier (name{FancyVerbLine.6}) has been already used, duplicate ignored
<to be read again> 
                   \relax 
l.527   Score:       1.241372
                              [12] [13 <RankAggreg-fig1.pdf>]pdfTeX warning (ex
t4): destination with the same identifier (name{FancyVerbLine.1}) has been alre
ady used, duplicate ignored
<to be read again> 
                   \relax 
l.543 ...<- RankAggreg(res$ranks, 10, res$weights,
                                                  pdfTeX warning (ext4): destin
ation with the same identifier (name{FancyVerbLine.2}) has been already used, d
uplicate ignored
<to be read again> 
                   \relax 
l.544 ..."Spearman", seed = 123, verbose = FALSE))
                                                  pdfTeX warning (ext4): destin
ation with the same identifier (name{FancyVerbLine.1}) has been already used, d
uplicate ignored
<to be read again> 
                   \relax 
l.549 The optimal list is:
                          pdfTeX warning (ext4): destination with the same iden
tifier (name{FancyVerbLine.2}) has been already used, duplicate ignored
<to be read again> 
                   \relax 
l.550         SM HR KM FN AG PM CL DI ST MO
                                           pdfTeX warning (ext4): destination w
ith the same identifier (name{FancyVerbLine.3}) has been already used, duplicat
e ignored
<to be read again> 
                   \relax 
l.551 
      pdfTeX warning (ext4): destination with the same identifier (name{FancyVe
rbLine.4}) has been already used, duplicate ignored
<to be read again> 
                   \relax 
l.552   Algorithm:   GA
                       pdfTeX warning (ext4): destination with the same identif
ier (name{FancyVerbLine.5}) has been already used, duplicate ignored
<to be read again> 
                   \relax 
l.553   Distance:    Spearman
                             pdfTeX warning (ext4): destination with the same i
dentifier (name{FancyVerbLine.6}) has been already used, duplicate ignored
<to be read again> 
                   \relax 
l.554   Score:       5.552256
                             pdfTeX warning (ext4): destination with the same i
dentifier (name{FancyVerbLine.1}) has been already used, duplicate ignored
<to be read again> 
                   \relax 
l.560 ...<- RankAggreg(res$ranks, 10, res$weights,
                                                  pdfTeX warning (ext4): destin
ation with the same identifier (name{FancyVerbLine.2}) has been already used, d
uplicate ignored
<to be read again> 
                   \relax 
l.561 ... "Kendall", seed = 123, verbose = FALSE))
                                                  pdfTeX warning (ext4): destin
ation with the same identifier (name{FancyVerbLine.1}) has been already used, d
uplicate ignored
<to be read again> 
                   \relax 
l.566 The optimal list is:
                          pdfTeX warning (ext4): destination with the same iden
tifier (name{FancyVerbLine.2}) has been already used, duplicate ignored
<to be read again> 
                   \relax 
l.567         KM SM PM FN HR AG CL DI ST MO
                                           pdfTeX warning (ext4): destination w
ith the same identifier (name{FancyVerbLine.3}) has been already used, duplicat
e ignored
<to be read again> 
                   \relax 
l.568 
      pdfTeX warning (ext4): destination with the same identifier (name{FancyVe
rbLine.4}) has been already used, duplicate ignored
<to be read again> 
                   \relax 
l.569   Algorithm:   GA
                       pdfTeX warning (ext4): destination with the same identif
ier (name{FancyVerbLine.5}) has been already used, duplicate ignored
<to be read again> 
                   \relax 
l.570   Distance:    Kendall
                            pdfTeX warning (ext4): destination with the same id
entifier (name{FancyVerbLine.6}) has been already used, duplicate ignored
<to be read again> 
                   \relax 
l.571   Score:       1.241372
                             pdfTeX warning (ext4): destination with the same i
dentifier (name{FancyVerbLine.1}) has been already used, duplicate ignored
<to be read again> 
                   \relax 
l.584 > plot(GAWS)
                   <RankAggreg-fig2.pdf, id=190, 433.62pt x 433.62pt>
File: RankAggreg-fig2.pdf Graphic file (type pdf)
<use RankAggreg-fig2.pdf> [14] [15 <RankAggreg-fig2.pdf>]pdfTeX warning (ext4):
 destination with the same identifier (name{FancyVerbLine.1}) has been already 
used, duplicate ignored
<to be read again> 
                   \relax 
l.617 > data(geneLists)
                       pdfTeX warning (ext4): destination with the same identif
ier (name{FancyVerbLine.1}) has been already used, duplicate ignored
<to be read again> 
                   \relax 
l.668 ... <- RankAggreg(geneLists, 25, seed = 100,
                                                  pdfTeX warning (ext4): destin
ation with the same identifier (name{FancyVerbLine.2}) has been already used, d
uplicate ignored
<to be read again> 
                   \relax 
l.669 +     rho = 0.01)
                       pdfTeX warning (ext4): destination with the same identif
ier (name{FancyVerbLine.1}) has been already used, duplicate ignored
<to be read again> 
                   \relax 
l.675 The optimal list is:
                          pdfTeX warning (ext4): destination with the same iden
tifier (name{FancyVerbLine.2}) has been already used, duplicate ignored
<to be read again> 
                   \relax 
l.676 ...5 FASN NME2 UAP1 SLC25A6 0ACT2 KRT18 NME1
                                                  pdfTeX warning (ext4): destin
ation with the same identifier (name{FancyVerbLine.3}) has been already used, d
uplicate ignored
<to be read again> 
                   \relax 
l.677 ...13 GRP58 CANX SND1 ALCAM MRPL3 TMEM4 CCT2
                                                  pdfTeX warning (ext4): destin
ation with the same identifier (name{FancyVerbLine.4}) has been already used, d
uplicate ignored
<to be read again> 
                   \relax 
l.678         SLC19A1 PPIB FM05 ENTPD6 KRT7
                                           pdfTeX warning (ext4): destination w
ith the same identifier (name{FancyVerbLine.5}) has been already used, duplicat
e ignored
<to be read again> 
                   \relax 
l.679 
      pdfTeX warning (ext4): destination with the same identifier (name{FancyVe
rbLine.6}) has been already used, duplicate ignored
<to be read again> 
                   \relax 
l.680   Algorithm:   CE
                       pdfTeX warning (ext4): destination with the same identif
ier (name{FancyVerbLine.7}) has been already used, duplicate ignored
<to be read again> 
                   \relax 
l.681   Distance:    Spearman
                             pdfTeX warning (ext4): destination with the same i
dentifier (name{FancyVerbLine.8}) has been already used, duplicate ignored
<to be read again> 
                   \relax 
l.682   Score:       319.6
                           [16]pdfTeX warning (ext4): destination with the same
 identifier (name{FancyVerbLine.1}) has been already used, duplicate ignored
<to be read again> 
                   \relax 
l.697 ... <- RankAggreg(geneLists, 25, seed = 100,
                                                  pdfTeX warning (ext4): destin
ation with the same identifier (name{FancyVerbLine.2}) has been already used, d
uplicate ignored
<to be read again> 
                   \relax 
l.698 ...mportance = c(1, 2, 1, 1, 2), rho = 0.01)
                                                  pdfTeX warning (ext4): destin
ation with the same identifier (name{FancyVerbLine.1}) has been already used, d
uplicate ignored
<to be read again> 
                   \relax 
l.704 The optimal list is:
                          pdfTeX warning (ext4): destination with the same iden
tifier (name{FancyVerbLine.2}) has been already used, duplicate ignored
<to be read again> 
                   \relax 
l.705 ...2 GDF15 FASN NME2 KRT18 SLC25A6 EEF2 UAP1
                                                  pdfTeX warning (ext4): destin
ation with the same identifier (name{FancyVerbLine.3}) has been already used, d
uplicate ignored
<to be read again> 
                   \relax 
l.706 ...58 SND1 STRA13 TMEM4 ALCAM PPIB NACA CCT2
                                                  pdfTeX warning (ext4): destin
ation with the same identifier (name{FancyVerbLine.4}) has been already used, d
uplicate ignored
<to be read again> 
                   \relax 
l.707         RPL5 SLC39A6 MTHFD2 MRPL3 SLC19A1
                                               pdfTeX warning (ext4): destinati
on with the same identifier (name{FancyVerbLine.5}) has been already used, dupl
icate ignored
<to be read again> 
                   \relax 
l.708 
      pdfTeX warning (ext4): destination with the same identifier (name{FancyVe
rbLine.6}) has been already used, duplicate ignored
<to be read again> 
                   \relax 
l.709   Algorithm:   CE
                       pdfTeX warning (ext4): destination with the same identif
ier (name{FancyVerbLine.7}) has been already used, duplicate ignored
<to be read again> 
                   \relax 
l.710   Distance:    Spearman
                             pdfTeX warning (ext4): destination with the same i
dentifier (name{FancyVerbLine.8}) has been already used, duplicate ignored
<to be read again> 
                   \relax 
l.711   Score:       295.4286
                             pdfTeX warning (ext4): destination with the same i
dentifier (name{FancyVerbLine.1}) has been already used, duplicate ignored
<to be read again> 
                   \relax 
l.730 ... <- RankAggreg(geneLists, 25, seed = 100,
                                                  pdfTeX warning (ext4): destin
ation with the same identifier (name{FancyVerbLine.2}) has been already used, d
uplicate ignored
<to be read again> 
                   \relax 
l.731 ...thod = "GA", maxIter = 3000, convIn = 50)
                                                  pdfTeX warning (ext4): destin
ation with the same identifier (name{FancyVerbLine.1}) has been already used, d
uplicate ignored
<to be read again> 
                   \relax 
l.737 The optimal list is:
                          pdfTeX warning (ext4): destination with the same iden
tifier (name{FancyVerbLine.2}) has been already used, duplicate ignored
<to be read again> 
                   \relax 
l.738 ...5A6 FASN NME2 GDF15 0ACT2 UAP1 KRT18 EEF2
                                                  pdfTeX warning (ext4): destin
ation with the same identifier (name{FancyVerbLine.3}) has been already used, d
uplicate ignored
<to be read again> 
                   \relax 
l.739 ...FD2 SND1 CANX GRP58 ALCAM TMEM4 PPIB CCT2
                                                   [17]pdfTeX warning (ext4): d
estination with the same identifier (name{FancyVerbLine.4}) has been already us
ed, duplicate ignored
<to be read again> 
                   \relax 
l.740         SLC19A1 CBX3 SAT FM05 SNX4
                                        pdfTeX warning (ext4): destination with
 the same identifier (name{FancyVerbLine.5}) has been already used, duplicate i
gnored
<to be read again> 
                   \relax 
l.741 
      pdfTeX warning (ext4): destination with the same identifier (name{FancyVe
rbLine.6}) has been already used, duplicate ignored
<to be read again> 
                   \relax 
l.742   Algorithm:   GA
                       pdfTeX warning (ext4): destination with the same identif
ier (name{FancyVerbLine.7}) has been already used, duplicate ignored
<to be read again> 
                   \relax 
l.743   Distance:    Spearman
                             pdfTeX warning (ext4): destination with the same i
dentifier (name{FancyVerbLine.8}) has been already used, duplicate ignored
<to be read again> 
                   \relax 
l.744   Score:       320.8
                           (RankAggreg.bbl [18]) [19] [20] (RankAggreg.aux) ) 
Here is how much of TeX's memory you used:
 6359 strings out of 95340
 85075 string characters out of 1184151
 150282 words of memory out of 1500000
 9312 multiletter control sequences out of 110000
 48023 words of font info for 104 fonts, out of 1200000 for 2000
 14 hyphenation exceptions out of 8191
 36i,12n,36p,782b,425s stack positions out of 5000i,500n,10000p,200000b,5000s
<C
:/Program Files/MiKTeX 2.7/fonts/type1/bluesky/cm/cmbx10.pfb><C:/Program Files/
MiKTeX 2.7/fonts/type1/bluesky/cm/cmbx12.pfb><C:/Program Files/MiKTeX 2.7/fonts
/type1/bluesky/cm/cmex10.pfb><C:/Program Files/MiKTeX 2.7/fonts/type1/bluesky/c
m/cmmi10.pfb><C:/Program Files/MiKTeX 2.7/fonts/type1/bluesky/cm/cmmi6.pfb><C:/
Program Files/MiKTeX 2.7/fonts/type1/bluesky/cm/cmmi8.pfb><C:/Program Files/MiK
TeX 2.7/fonts/type1/bluesky/cm/cmr10.pfb><C:/Program Files/MiKTeX 2.7/fonts/typ
e1/bluesky/cm/cmr12.pfb><C:/Program Files/MiKTeX 2.7/fonts/type1/bluesky/cm/cmr
17.pfb><C:/Program Files/MiKTeX 2.7/fonts/type1/bluesky/cm/cmr8.pfb><C:/Program
 Files/MiKTeX 2.7/fonts/type1/bluesky/cm/cmsltt10.pfb><C:/Program Files/MiKTeX 
2.7/fonts/type1/bluesky/cm/cmsy10.pfb><C:/Program Files/MiKTeX 2.7/fonts/type1/
bluesky/cm/cmsy8.pfb><C:/Program Files/MiKTeX 2.7/fonts/type1/bluesky/cm/cmti10
.pfb><C:/Program Files/MiKTeX 2.7/fonts/type1/bluesky/cm/cmti12.pfb><C:/Program
 Files/MiKTeX 2.7/fonts/type1/bluesky/cm/cmtt10.pfb><C:/Program Files/MiKTeX 2.
7/fonts/type1/bluesky/cm/cmtt12.pfb><C:/Program Files/MiKTeX 2.7/fonts/type1/bl
uesky/ams/eusm10.pfb>
Output written on RankAggreg.pdf (20 pages, 257347 bytes).
PDF statistics:
 311 PDF objects out of 1000 (max. 8388607)
 69 named destinations out of 1000 (max. 131072)
 107 words of extra memory for PDF output out of 10000 (max. 10000000)

